<?xml version="1.0" encoding="UTF-8"?>
<!-- Generated by org.testng.reporters.JUnitReportReporter -->
<testsuite hostname="BRICKRED47" failures="0" tests="4" name="storelocatorTestCases.findStoreDataDriven" time="121.620" errors="0" timestamp="2021-07-03T10:45:15 IST" skipped="1">
  <testcase classname="storelocatorTestCases.findStoreDataDriven" name="findStoreByZipCode" time="41.430"/>
  <system-out>
    <![CDATA[Clicking On The Find A Store Link
Searching By 63017
Clicking On Find Button 
Actual city and Validation city match. Actual City : Chesterfield  Validation City :Chesterfield]]>
  </system-out>
  <testcase classname="storelocatorTestCases.findStoreDataDriven" name="findStoreByZipCode" time="41.893"/>
  <system-out>
    <![CDATA[Clicking On The Find A Store Link
Searching By 84095
Clicking On Find Button 
Actual city and Validation city match. Actual City : West Jordan  Validation City :West Jordan]]>
  </system-out>
  <testcase classname="storelocatorTestCases.findStoreDataDriven" name="findStoreByZipCode" time="38.297"/>
  <system-out>
    <![CDATA[Clicking On The Find A Store Link
Searching By 84006
Clicking On Find Button 
Actual city and Validation city match. Actual City : Athens  Validation City :Athens]]>
  </system-out>
  <testcase classname="storelocatorTestCases.findStoreDataDriven" name="findStoreByCity">
    <skipped/>
  </testcase> <!-- findStoreByCity -->
  <system-out/>
</testsuite> <!-- storelocatorTestCases.findStoreDataDriven -->
