<?xml version="1.0" encoding="UTF-8"?>
<!-- Generated by org.testng.reporters.JUnitReportReporter -->
<testsuite hostname="BRICKRED47" failures="0" tests="2" name="AmazonWebTestCases.ProductSearchTest" time="119.870" errors="0" timestamp="2021-08-02T16:33:28 IST" skipped="0">
  <testcase classname="AmazonWebTestCases.ProductSearchTest" name="selectAddress" time="37.977"/>
  <system-out/>
  <testcase classname="AmazonWebTestCases.ProductSearchTest" name="searchCloths" time="81.893"/>
  <system-out>
    <![CDATA[Clicking On The Fashion Link]]>
  </system-out>
</testsuite> <!-- AmazonWebTestCases.ProductSearchTest -->
