<?xml version="1.0" encoding="UTF-8"?>
<!-- Generated by org.testng.reporters.JUnitReportReporter -->
<testsuite hostname="BRICKRED47" failures="0" tests="2" name="storelocatorTestCases.findStore" time="43.111" errors="0" timestamp="2021-07-03T10:45:15 IST" skipped="1">
  <testcase classname="storelocatorTestCases.findStore" name="findStoreByZipCode" time="43.111"/>
  <system-out>
    <![CDATA[Clicking On The Find A Store Link
Searching By 63017
Clicking On Find Button 
Actual city and Validation city match. Actual City : Chesterfield  Validation City :Chesterfield]]>
  </system-out>
  <testcase classname="storelocatorTestCases.findStore" name="findStoreByCity">
    <skipped/>
  </testcase> <!-- findStoreByCity -->
  <system-out/>
</testsuite> <!-- storelocatorTestCases.findStore -->
