<?xml version="1.0" encoding="UTF-8"?>
<!-- Generated by org.testng.reporters.JUnitReportReporter -->
<testsuite hostname="BRICKRED47" failures="0" tests="3" name="storelocatorTestCases.DP" time="0.012" errors="0" timestamp="2021-07-03T10:45:15 IST" skipped="0">
  <testcase classname="storelocatorTestCases.DP" name="testMethod" time="0.009"/>
  <system-out/>
  <testcase classname="storelocatorTestCases.DP" name="testMethod" time="0.002"/>
  <system-out/>
  <testcase classname="storelocatorTestCases.DP" name="testMethod" time="0.001"/>
  <system-out/>
</testsuite> <!-- storelocatorTestCases.DP -->
