<?xml version="1.0" encoding="UTF-8"?>
<!-- Generated by org.testng.reporters.JUnitReportReporter -->
<testsuite hostname="BRICKRED47" failures="0" tests="2" name="AmazonWebTestCases.SignInTest" time="63.990" errors="0" timestamp="2021-07-11T14:39:04 IST" skipped="1">
  <testcase classname="AmazonWebTestCases.SignInTest" name="searchProduct" time="63.990"/>
  <system-out/>
  <testcase classname="AmazonWebTestCases.SignInTest" name="clickSignInLink">
    <skipped/>
  </testcase> <!-- clickSignInLink -->
  <system-out/>
</testsuite> <!-- AmazonWebTestCases.SignInTest -->
