<?xml version="1.0" encoding="UTF-8"?>
<!-- Generated by org.testng.reporters.JUnitReportReporter -->
<testsuite hostname="BRICKRED47" failures="0" tests="2" name="AmazonWebTestCases.SearchShoesTest" time="292.473" errors="0" timestamp="2021-08-09T14:30:51 IST" skipped="0">
  <testcase classname="AmazonWebTestCases.SearchShoesTest" name="validateShoesPrice" time="118.972"/>
  <system-out>
    <![CDATA[Clicking On The Fashion Link
Actual Price and Validation Price match. Actual Price :   2,749.00Validation Price :2,795.00]]>
  </system-out>
  <testcase classname="AmazonWebTestCases.SearchShoesTest" name="validateShoesPrice" time="173.501"/>
  <system-out>
    <![CDATA[Clicking On The Fashion Link
Actual Price and Validation Price match. Actual Price :   2,749.00Validation Price :2,795.00]]>
  </system-out>
</testsuite> <!-- AmazonWebTestCases.SearchShoesTest -->
