<?xml version="1.0" encoding="UTF-8"?>
<!-- Generated by org.testng.reporters.JUnitReportReporter -->
<testsuite hostname="BRICKRED47" failures="0" tests="1" name="AmazonWebTestCases.SearchShoesTest" time="206.396" errors="0" timestamp="2021-08-05T14:08:06 IST" skipped="0">
  <testcase classname="AmazonWebTestCases.SearchShoesTest" name="searchShoes" time="206.396"/>
  <system-out>
    <![CDATA[Clicking On The Fashion Link
Actual Price and Validation Price match. Actual Price :   2,795.00Validation Price :2,795.00]]>
  </system-out>
</testsuite> <!-- AmazonWebTestCases.SearchShoesTest -->
