<?xml version="1.0" encoding="UTF-8"?>
<!-- Generated by org.testng.reporters.JUnitReportReporter -->
<testsuite hostname="BRICKRED47" failures="0" tests="3" name="storelocatorTestCases.findStore2" time="41.658" errors="0" timestamp="2021-07-02T10:48:42 IST" skipped="2">
  <testcase classname="storelocatorTestCases.findStore2" name="findStoreByZipCode" time="41.658"/>
  <system-out/>
  <testcase classname="storelocatorTestCases.findStore2" name="findStoreByZipCode1">
    <skipped/>
  </testcase> <!-- findStoreByZipCode1 -->
  <system-out/>
  <testcase classname="storelocatorTestCases.findStore2" name="findStoreByCity">
    <skipped/>
  </testcase> <!-- findStoreByCity -->
  <system-out/>
</testsuite> <!-- storelocatorTestCases.findStore2 -->
