<?xml version="1.0" encoding="UTF-8"?>
<!-- Generated by org.testng.reporters.JUnitReportReporter -->
<testsuite hostname="BRICKRED47" failures="0" tests="1" name="AmazonWebTestCases.FashionTest" time="78.961" errors="0" timestamp="2021-08-04T16:52:26 IST" skipped="0">
  <testcase classname="AmazonWebTestCases.FashionTest" name="fashionLink" time="78.961"/>
  <system-out/>
</testsuite> <!-- AmazonWebTestCases.FashionTest -->
